


ARM Macro Assembler    Page 1 


    1 00000000         ; generated by ARM C/C++ Compiler, 5.03 [Build 76]
    2 00000000         ; commandline ArmCC [--cpp --debug -c -S -o.\timer.s --d
                       epend=.\timer.d --cpu=Cortex-M3 --apcs=interwork -O0 -I.
                       .\h -ID:\Keil\ARM\RV31\INC -ID:\Keil\ARM\PACK\ARM\CMSIS\
                       3.20.3\CMSIS\Include -ID:\Keil\ARM\PACK\Keil\STM32F1xx_D
                       FP\1.0.2\Device\Include -D__MICROLIB -DSTM32F10X_MD -DST
                       M32F10X_MD --omf_browse=.\timer.crf ..\HARDWARE\TIMER\ti
                       mer.cpp]
    3 00000000                 THUMB
    4 00000000                 REQUIRE8
    5 00000000                 PRESERVE8
    6 00000000         
    7 00000000                 AREA             ||.text||, CODE, READONLY, ALIG
N=2
    8 00000000         
    9 00000000         IRQHandler
                               PROC
   10 00000000 B510            PUSH             {r4,lr}
   11 00000002 2101            MOVS             r1,#1
   12 00000004 489D            LDR              r0,|L0.636|
   13 00000006 F7FF FFFE       BL               TIM_GetITStatus
   14 0000000A 2800            CMP              r0,#0
   15 0000000C D07E            BEQ              |L0.268|
   16 0000000E 2101            MOVS             r1,#1
   17 00000010 489A            LDR              r0,|L0.636|
   18 00000012 F7FF FFFE       BL               TIM_ClearITPendingBit
   19 00000016 489A            LDR              r0,|L0.640|
   20 00000018 6800            LDR              r0,[r0,#0]  ; Address_BASE
   21 0000001A 499A            LDR              r1,|L0.644|
   22 0000001C 6804            LDR              r4,[r0,#0]
   23 0000001E 6809            LDR              r1,[r1,#0]  ; task
   24 00000020 780A            LDRB             r2,[r1,#0]
   25 00000022 4998            LDR              r1,|L0.644|
   26 00000024 6809            LDR              r1,[r1,#0]  ; task
   27 00000026 1D09            ADDS             r1,r1,#4
   28 00000028 EB01 1042       ADD              r0,r1,r2,LSL #5
   29 0000002C 6004            STR              r4,[r0,#0]
   30 0000002E 4894            LDR              r0,|L0.640|
   31 00000030 6800            LDR              r0,[r0,#0]  ; Address_BASE
   32 00000032 4994            LDR              r1,|L0.644|
   33 00000034 6844            LDR              r4,[r0,#4]
   34 00000036 6809            LDR              r1,[r1,#0]  ; task
   35 00000038 780A            LDRB             r2,[r1,#0]
   36 0000003A 4992            LDR              r1,|L0.644|
   37 0000003C 6809            LDR              r1,[r1,#0]  ; task
   38 0000003E 1D09            ADDS             r1,r1,#4
   39 00000040 EB01 1142       ADD              r1,r1,r2,LSL #5
   40 00000044 1D08            ADDS             r0,r1,#4
   41 00000046 6004            STR              r4,[r0,#0]
   42 00000048 488D            LDR              r0,|L0.640|
   43 0000004A 6800            LDR              r0,[r0,#0]  ; Address_BASE
   44 0000004C 498D            LDR              r1,|L0.644|
   45 0000004E 6884            LDR              r4,[r0,#8]
   46 00000050 6809            LDR              r1,[r1,#0]  ; task
   47 00000052 780A            LDRB             r2,[r1,#0]
   48 00000054 498B            LDR              r1,|L0.644|
   49 00000056 6809            LDR              r1,[r1,#0]  ; task
   50 00000058 1D09            ADDS             r1,r1,#4
   51 0000005A EB01 1142       ADD              r1,r1,r2,LSL #5



ARM Macro Assembler    Page 2 


   52 0000005E F101 0008       ADD              r0,r1,#8
   53 00000062 6004            STR              r4,[r0,#0]
   54 00000064 4886            LDR              r0,|L0.640|
   55 00000066 6800            LDR              r0,[r0,#0]  ; Address_BASE
   56 00000068 4986            LDR              r1,|L0.644|
   57 0000006A 68C4            LDR              r4,[r0,#0xc]
   58 0000006C 6809            LDR              r1,[r1,#0]  ; task
   59 0000006E 780A            LDRB             r2,[r1,#0]
   60 00000070 4984            LDR              r1,|L0.644|
   61 00000072 6809            LDR              r1,[r1,#0]  ; task
   62 00000074 1D09            ADDS             r1,r1,#4
   63 00000076 EB01 1142       ADD              r1,r1,r2,LSL #5
   64 0000007A F101 000C       ADD              r0,r1,#0xc
   65 0000007E 6004            STR              r4,[r0,#0]
   66 00000080 487F            LDR              r0,|L0.640|
   67 00000082 6800            LDR              r0,[r0,#0]  ; Address_BASE
   68 00000084 497F            LDR              r1,|L0.644|
   69 00000086 6904            LDR              r4,[r0,#0x10]
   70 00000088 6809            LDR              r1,[r1,#0]  ; task
   71 0000008A 780A            LDRB             r2,[r1,#0]
   72 0000008C 497D            LDR              r1,|L0.644|
   73 0000008E 6809            LDR              r1,[r1,#0]  ; task
   74 00000090 1D09            ADDS             r1,r1,#4
   75 00000092 EB01 1142       ADD              r1,r1,r2,LSL #5
   76 00000096 F101 0010       ADD              r0,r1,#0x10
   77 0000009A 6004            STR              r4,[r0,#0]
   78 0000009C 4878            LDR              r0,|L0.640|
   79 0000009E 6800            LDR              r0,[r0,#0]  ; Address_BASE
   80 000000A0 4978            LDR              r1,|L0.644|
   81 000000A2 6984            LDR              r4,[r0,#0x18]
   82 000000A4 6809            LDR              r1,[r1,#0]  ; task
   83 000000A6 780A            LDRB             r2,[r1,#0]
   84 000000A8 4976            LDR              r1,|L0.644|
   85 000000AA 6809            LDR              r1,[r1,#0]  ; task
   86 000000AC 1D09            ADDS             r1,r1,#4
   87 000000AE EB01 1142       ADD              r1,r1,r2,LSL #5
   88 000000B2 F101 0018       ADD              r0,r1,#0x18
   89 000000B6 6004            STR              r4,[r0,#0]
   90 000000B8 4871            LDR              r0,|L0.640|
   91 000000BA 6800            LDR              r0,[r0,#0]  ; Address_BASE
   92 000000BC 4971            LDR              r1,|L0.644|
   93 000000BE 69C4            LDR              r4,[r0,#0x1c]
   94 000000C0 6809            LDR              r1,[r1,#0]  ; task
   95 000000C2 780A            LDRB             r2,[r1,#0]
   96 000000C4 496F            LDR              r1,|L0.644|
   97 000000C6 6809            LDR              r1,[r1,#0]  ; task
   98 000000C8 1D09            ADDS             r1,r1,#4
   99 000000CA EB01 1142       ADD              r1,r1,r2,LSL #5
  100 000000CE F101 001C       ADD              r0,r1,#0x1c
  101 000000D2 6004            STR              r4,[r0,#0]
  102 000000D4 496B            LDR              r1,|L0.644|
  103 000000D6 6809            LDR              r1,[r1,#0]  ; task
  104 000000D8 784A            LDRB             r2,[r1,#1]
  105 000000DA 496A            LDR              r1,|L0.644|
  106 000000DC 6809            LDR              r1,[r1,#0]  ; task
  107 000000DE 1D09            ADDS             r1,r1,#4
  108 000000E0 EB01 1042       ADD              r0,r1,r2,LSL #5
  109 000000E4 6804            LDR              r4,[r0,#0]
  110 000000E6 4866            LDR              r0,|L0.640|



ARM Macro Assembler    Page 3 


  111 000000E8 6800            LDR              r0,[r0,#0]  ; Address_BASE
  112 000000EA 4966            LDR              r1,|L0.644|
  113 000000EC 6004            STR              r4,[r0,#0]
  114 000000EE 6809            LDR              r1,[r1,#0]  ; task
  115 000000F0 784A            LDRB             r2,[r1,#1]
  116 000000F2 4964            LDR              r1,|L0.644|
  117 000000F4 6809            LDR              r1,[r1,#0]  ; task
  118 000000F6 1D09            ADDS             r1,r1,#4
  119 000000F8 EB01 1142       ADD              r1,r1,r2,LSL #5
  120 000000FC 1D08            ADDS             r0,r1,#4
  121 000000FE 6804            LDR              r4,[r0,#0]
  122 00000100 485F            LDR              r0,|L0.640|
  123 00000102 6800            LDR              r0,[r0,#0]  ; Address_BASE
  124 00000104 495F            LDR              r1,|L0.644|
  125 00000106 6044            STR              r4,[r0,#4]
  126 00000108 6809            LDR              r1,[r1,#0]  ; task
  127 0000010A E000            B                |L0.270|
  128 0000010C         |L0.268|
  129 0000010C E05B            B                |L0.454|
  130 0000010E         |L0.270|
  131 0000010E 784A            LDRB             r2,[r1,#1]
  132 00000110 495C            LDR              r1,|L0.644|
  133 00000112 6809            LDR              r1,[r1,#0]  ; task
  134 00000114 1D09            ADDS             r1,r1,#4
  135 00000116 EB01 1142       ADD              r1,r1,r2,LSL #5
  136 0000011A F101 0008       ADD              r0,r1,#8
  137 0000011E 6804            LDR              r4,[r0,#0]
  138 00000120 4857            LDR              r0,|L0.640|
  139 00000122 6800            LDR              r0,[r0,#0]  ; Address_BASE
  140 00000124 4957            LDR              r1,|L0.644|
  141 00000126 6084            STR              r4,[r0,#8]
  142 00000128 6809            LDR              r1,[r1,#0]  ; task
  143 0000012A 784A            LDRB             r2,[r1,#1]
  144 0000012C 4955            LDR              r1,|L0.644|
  145 0000012E 6809            LDR              r1,[r1,#0]  ; task
  146 00000130 1D09            ADDS             r1,r1,#4
  147 00000132 EB01 1142       ADD              r1,r1,r2,LSL #5
  148 00000136 F101 000C       ADD              r0,r1,#0xc
  149 0000013A 6804            LDR              r4,[r0,#0]
  150 0000013C 4850            LDR              r0,|L0.640|
  151 0000013E 6800            LDR              r0,[r0,#0]  ; Address_BASE
  152 00000140 4950            LDR              r1,|L0.644|
  153 00000142 60C4            STR              r4,[r0,#0xc]
  154 00000144 6809            LDR              r1,[r1,#0]  ; task
  155 00000146 784A            LDRB             r2,[r1,#1]
  156 00000148 494E            LDR              r1,|L0.644|
  157 0000014A 6809            LDR              r1,[r1,#0]  ; task
  158 0000014C 1D09            ADDS             r1,r1,#4
  159 0000014E EB01 1142       ADD              r1,r1,r2,LSL #5
  160 00000152 F101 0010       ADD              r0,r1,#0x10
  161 00000156 6804            LDR              r4,[r0,#0]
  162 00000158 4849            LDR              r0,|L0.640|
  163 0000015A 6800            LDR              r0,[r0,#0]  ; Address_BASE
  164 0000015C 4949            LDR              r1,|L0.644|
  165 0000015E 6104            STR              r4,[r0,#0x10]
  166 00000160 6809            LDR              r1,[r1,#0]  ; task
  167 00000162 784A            LDRB             r2,[r1,#1]
  168 00000164 4947            LDR              r1,|L0.644|
  169 00000166 6809            LDR              r1,[r1,#0]  ; task



ARM Macro Assembler    Page 4 


  170 00000168 1D09            ADDS             r1,r1,#4
  171 0000016A EB01 1142       ADD              r1,r1,r2,LSL #5
  172 0000016E F101 0018       ADD              r0,r1,#0x18
  173 00000172 6804            LDR              r4,[r0,#0]
  174 00000174 4842            LDR              r0,|L0.640|
  175 00000176 6800            LDR              r0,[r0,#0]  ; Address_BASE
  176 00000178 4942            LDR              r1,|L0.644|
  177 0000017A 6184            STR              r4,[r0,#0x18]
  178 0000017C 6809            LDR              r1,[r1,#0]  ; task
  179 0000017E 784A            LDRB             r2,[r1,#1]
  180 00000180 4940            LDR              r1,|L0.644|
  181 00000182 6809            LDR              r1,[r1,#0]  ; task
  182 00000184 1D09            ADDS             r1,r1,#4
  183 00000186 EB01 1142       ADD              r1,r1,r2,LSL #5
  184 0000018A F101 001C       ADD              r0,r1,#0x1c
  185 0000018E 6804            LDR              r4,[r0,#0]
  186 00000190 483B            LDR              r0,|L0.640|
  187 00000192 6800            LDR              r0,[r0,#0]  ; Address_BASE
  188 00000194 61C4            STR              r4,[r0,#0x1c]
  189 00000196 493B            LDR              r1,|L0.644|
  190 00000198 6808            LDR              r0,[r1,#0]  ; task
  191 0000019A 7801            LDRB             r1,[r0,#0]
  192 0000019C 1C49            ADDS             r1,r1,#1
  193 0000019E 2902            CMP              r1,#2
  194 000001A0 DA03            BGE              |L0.426|
  195 000001A2 7801            LDRB             r1,[r0,#0]
  196 000001A4 1C49            ADDS             r1,r1,#1
  197 000001A6 7001            STRB             r1,[r0,#0]
  198 000001A8 E001            B                |L0.430|
  199 000001AA         |L0.426|
  200 000001AA 2100            MOVS             r1,#0
  201 000001AC 7001            STRB             r1,[r0,#0]
  202 000001AE         |L0.430|
  203 000001AE 7841            LDRB             r1,[r0,#1]
  204 000001B0 1C49            ADDS             r1,r1,#1
  205 000001B2 2902            CMP              r1,#2
  206 000001B4 DA03            BGE              |L0.446|
  207 000001B6 7841            LDRB             r1,[r0,#1]
  208 000001B8 1C49            ADDS             r1,r1,#1
  209 000001BA 7041            STRB             r1,[r0,#1]
  210 000001BC E001            B                |L0.450|
  211 000001BE         |L0.446|
  212 000001BE 2100            MOVS             r1,#0
  213 000001C0 7041            STRB             r1,[r0,#1]
  214 000001C2         |L0.450|
  215 000001C2 BF00            NOP
  216 000001C4 BF00            NOP
  217 000001C6         |L0.454|
  218 000001C6 BD10            POP              {r4,pc}
  219 000001C8                 ENDP
  220 000001C8         
  221 000001C8         TIM3_IRQHandler
                               PROC
  222 000001C8 B510            PUSH             {r4,lr}
  223 000001CA F3EF 8408       MRS              r4,MSP
  224 000001CE 4620            MOV              r0,r4
  225 000001D0 F100 0008       ADD              r0,r0,#8
  226 000001D4 4604            MOV              r4,r0
  227 000001D6 482A            LDR              r0,|L0.640|



ARM Macro Assembler    Page 5 


  228 000001D8 6004            STR              r4,[r0,#0]
  229 000001DA F7FF FFFE       BL               IRQHandler
  230 000001DE BD10            POP              {r4,pc}
  231 000001E0                 ENDP
  232 000001E0         
  233 000001E0         Timerx_Init
                               PROC
  234 000001E0 B57F            PUSH             {r0-r6,lr}
  235 000001E2 4604            MOV              r4,r0
  236 000001E4 460D            MOV              r5,r1
  237 000001E6 2101            MOVS             r1,#1
  238 000001E8 2002            MOVS             r0,#2
  239 000001EA F7FF FFFE       BL               RCC_APB1PeriphClockCmd
  240 000001EE F8AD 4008       STRH             r4,[sp,#8]
  241 000001F2 F8AD 5004       STRH             r5,[sp,#4]
  242 000001F6 2000            MOVS             r0,#0
  243 000001F8 F8AD 000A       STRH             r0,[sp,#0xa]
  244 000001FC F8AD 0006       STRH             r0,[sp,#6]
  245 00000200 A901            ADD              r1,sp,#4
  246 00000202 481E            LDR              r0,|L0.636|
  247 00000204 F7FF FFFE       BL               TIM_TimeBaseInit
  248 00000208 2101            MOVS             r1,#1
  249 0000020A 481C            LDR              r0,|L0.636|
  250 0000020C F7FF FFFE       BL               TIM_GetITStatus
  251 00000210 B118            CBZ              r0,|L0.538|
  252 00000212 2101            MOVS             r1,#1
  253 00000214 4819            LDR              r0,|L0.636|
  254 00000216 F7FF FFFE       BL               TIM_ClearITPendingBit
  255 0000021A         |L0.538|
  256 0000021A 2201            MOVS             r2,#1
  257 0000021C 2141            MOVS             r1,#0x41
  258 0000021E 4817            LDR              r0,|L0.636|
  259 00000220 F7FF FFFE       BL               TIM_ITConfig
  260 00000224 2001            MOVS             r0,#1
  261 00000226 4915            LDR              r1,|L0.636|
  262 00000228 3124            ADDS             r1,r1,#0x24
  263 0000022A 8008            STRH             r0,[r1,#0]
  264 0000022C 201D            MOVS             r0,#0x1d
  265 0000022E F88D 0000       STRB             r0,[sp,#0]
  266 00000232 2000            MOVS             r0,#0
  267 00000234 F88D 0001       STRB             r0,[sp,#1]
  268 00000238 2003            MOVS             r0,#3
  269 0000023A F88D 0002       STRB             r0,[sp,#2]
  270 0000023E 2001            MOVS             r0,#1
  271 00000240 F88D 0003       STRB             r0,[sp,#3]
  272 00000244 E003            B                |L0.590|
  273 00000246         |L0.582|
  274 00000246 2101            MOVS             r1,#1
  275 00000248 480C            LDR              r0,|L0.636|
  276 0000024A F7FF FFFE       BL               TIM_ClearITPendingBit
  277 0000024E         |L0.590|
  278 0000024E 2101            MOVS             r1,#1
  279 00000250 480A            LDR              r0,|L0.636|
  280 00000252 F7FF FFFE       BL               TIM_GetITStatus
  281 00000256 2800            CMP              r0,#0
  282 00000258 D1F5            BNE              |L0.582|
  283 0000025A 2101            MOVS             r1,#1
  284 0000025C 4807            LDR              r0,|L0.636|
  285 0000025E F7FF FFFE       BL               TIM_GetITStatus



ARM Macro Assembler    Page 6 


  286 00000262 B118            CBZ              r0,|L0.620|
  287 00000264 2101            MOVS             r1,#1
  288 00000266 4805            LDR              r0,|L0.636|
  289 00000268 F7FF FFFE       BL               TIM_ClearITPendingBit
  290 0000026C         |L0.620|
  291 0000026C 4668            MOV              r0,sp
  292 0000026E F7FF FFFE       BL               NVIC_Init
  293 00000272 2101            MOVS             r1,#1
  294 00000274 4801            LDR              r0,|L0.636|
  295 00000276 F7FF FFFE       BL               TIM_Cmd
  296 0000027A BD7F            POP              {r0-r6,pc}
  297 0000027C                 ENDP
  298 0000027C         
  299 0000027C         |L0.636|
  300 0000027C 40000400        DCD              0x40000400
  301 00000280         |L0.640|
  302 00000280 00000000        DCD              Address_BASE
  303 00000284         |L0.644|
  304 00000284 00000000        DCD              task
  305 00000288         
  306 00000288                 AREA             ||.ARM.exidx||, LINKORDER=||.te
xt||, DATA, READONLY, SECTYPE={SHT_ARM_EXIDX}, ALIGN=2
  307 00000000         
  308 00000000 00000000        DCD              0x00000000
  309 00000004                 RELOC            42, ||.text||
  310 00000004 00000001        DCD              0x00000001
  311 00000008         
  312 00000008                 AREA             ||.arm_vfe_header||, DATA, READ
ONLY, NOALLOC, ALIGN=2
  313 00000000         
  314 00000000 00000000        DCD              0x00000000
  315 00000004         
  316 00000004                 AREA             ||.data||, DATA, ALIGN=2
  317 00000000         
  318 00000000         Address_BASE
  319 00000000 00000000        DCD              0x00000000
  320 00000004         task
  321 00000004 00000000        DCD              0x00000000
  322 00000008         
  323 00000008                 EXPORT           IRQHandler [CODE]
  324 00000008                 EXPORT           TIM3_IRQHandler [CODE]
  325 00000008                 EXPORT           Timerx_Init [CODE]
  326 00000008                 EXPORT           Address_BASE [DATA,SIZE=4]
  327 00000008                 EXPORT           task [DATA,SIZE=4]
  328 00000008         
  329 00000008                 IMPORT           ||Lib$$Request$$armlib|| [CODE,
WEAK]
  330 00000008                 IMPORT           ||Lib$$Request$$cpplib|| [CODE,
WEAK]
  331 00000008                 IMPORT           TIM_GetITStatus [CODE]
  332 00000008                 IMPORT           TIM_ClearITPendingBit [CODE]
  333 00000008                 IMPORT           RCC_APB1PeriphClockCmd [CODE]
  334 00000008                 IMPORT           TIM_TimeBaseInit [CODE]
  335 00000008                 IMPORT           TIM_ITConfig [CODE]
  336 00000008                 IMPORT           NVIC_Init [CODE]
  337 00000008                 IMPORT           TIM_Cmd [CODE]
  338 00000008         
  339 00000008                 ATTR             FILESCOPE
  340 00000008                 ATTR             SETVALUE Tag_ABI_PCS_wchar_t,2



ARM Macro Assembler    Page 7 


  341 00000008                 ATTR             SETVALUE Tag_ABI_enum_size,1
  342 00000008                 ATTR             SETVALUE Tag_ABI_optimization_g
oals,6
  343 00000008                 ATTR             SETSTRING Tag_conformance,"2.06
"
  344 00000008                 ATTR             SETVALUE AV,6,0
  345 00000008                 ATTR             SETVALUE AV,18,1
  346 00000008         
  347 00000008                 ASSERT           {ENDIAN} = "little"
  348 00000008                 ASSERT           {INTER} = {TRUE}
  349 00000008                 ASSERT           {ROPI} = {FALSE}
  350 00000008                 ASSERT           {RWPI} = {FALSE}
  351 00000008                 ASSERT           {IEEE_FULL} = {FALSE}
  352 00000008                 ASSERT           {IEEE_PART} = {FALSE}
  353 00000008                 ASSERT           {IEEE_JAVA} = {FALSE}
  354 00000008                 END
Command Line: --debug --xref --cpu=Cortex-M3 --apcs=interwork -o.\timer.o -ID:\
Keil\ARM\RV31\INC -ID:\Keil\ARM\PACK\ARM\CMSIS\3.20.3\CMSIS\Include -ID:\Keil\A
RM\PACK\Keil\STM32F1xx_DFP\1.0.2\Device\Include --predefine="__MICROLIB SETA 1"
 --list=.\timer.lst .\timer.s



ARM Macro Assembler    Page 1 Alphabetic symbol ordering
Relocatable symbols

IRQHandler 00000000

Symbol: IRQHandler
   Definitions
      At line 9 in file .\timer.s
   Uses
      At line 229 in file .\timer.s
      At line 323 in file .\timer.s

L0.268 0000010C

Symbol: L0.268
   Definitions
      At line 128 in file .\timer.s
   Uses
      At line 15 in file .\timer.s
Comment: L0.268 used once
L0.270 0000010E

Symbol: L0.270
   Definitions
      At line 130 in file .\timer.s
   Uses
      At line 127 in file .\timer.s
Comment: L0.270 used once
L0.426 000001AA

Symbol: L0.426
   Definitions
      At line 199 in file .\timer.s
   Uses
      At line 194 in file .\timer.s
Comment: L0.426 used once
L0.430 000001AE

Symbol: L0.430
   Definitions
      At line 202 in file .\timer.s
   Uses
      At line 198 in file .\timer.s
Comment: L0.430 used once
L0.446 000001BE

Symbol: L0.446
   Definitions
      At line 211 in file .\timer.s
   Uses
      At line 206 in file .\timer.s
Comment: L0.446 used once
L0.450 000001C2

Symbol: L0.450
   Definitions
      At line 214 in file .\timer.s
   Uses
      At line 210 in file .\timer.s
Comment: L0.450 used once
L0.454 000001C6




ARM Macro Assembler    Page 2 Alphabetic symbol ordering
Relocatable symbols

Symbol: L0.454
   Definitions
      At line 217 in file .\timer.s
   Uses
      At line 129 in file .\timer.s
Comment: L0.454 used once
L0.538 0000021A

Symbol: L0.538
   Definitions
      At line 255 in file .\timer.s
   Uses
      At line 251 in file .\timer.s
Comment: L0.538 used once
L0.582 00000246

Symbol: L0.582
   Definitions
      At line 273 in file .\timer.s
   Uses
      At line 282 in file .\timer.s
Comment: L0.582 used once
L0.590 0000024E

Symbol: L0.590
   Definitions
      At line 277 in file .\timer.s
   Uses
      At line 272 in file .\timer.s
Comment: L0.590 used once
L0.620 0000026C

Symbol: L0.620
   Definitions
      At line 290 in file .\timer.s
   Uses
      At line 286 in file .\timer.s
Comment: L0.620 used once
L0.636 0000027C

Symbol: L0.636
   Definitions
      At line 299 in file .\timer.s
   Uses
      At line 12 in file .\timer.s
      At line 17 in file .\timer.s
      At line 246 in file .\timer.s
      At line 249 in file .\timer.s
      At line 253 in file .\timer.s
      At line 258 in file .\timer.s
      At line 261 in file .\timer.s
      At line 275 in file .\timer.s
      At line 279 in file .\timer.s
      At line 284 in file .\timer.s
      At line 288 in file .\timer.s
      At line 294 in file .\timer.s

L0.640 00000280




ARM Macro Assembler    Page 3 Alphabetic symbol ordering
Relocatable symbols

Symbol: L0.640
   Definitions
      At line 301 in file .\timer.s
   Uses
      At line 19 in file .\timer.s
      At line 30 in file .\timer.s
      At line 42 in file .\timer.s
      At line 54 in file .\timer.s
      At line 66 in file .\timer.s
      At line 78 in file .\timer.s
      At line 90 in file .\timer.s
      At line 110 in file .\timer.s
      At line 122 in file .\timer.s
      At line 138 in file .\timer.s
      At line 150 in file .\timer.s
      At line 162 in file .\timer.s
      At line 174 in file .\timer.s
      At line 186 in file .\timer.s
      At line 227 in file .\timer.s

L0.644 00000284

Symbol: L0.644
   Definitions
      At line 303 in file .\timer.s
   Uses
      At line 21 in file .\timer.s
      At line 25 in file .\timer.s
      At line 32 in file .\timer.s
      At line 36 in file .\timer.s
      At line 44 in file .\timer.s
      At line 48 in file .\timer.s
      At line 56 in file .\timer.s
      At line 60 in file .\timer.s
      At line 68 in file .\timer.s
      At line 72 in file .\timer.s
      At line 80 in file .\timer.s
      At line 84 in file .\timer.s
      At line 92 in file .\timer.s
      At line 96 in file .\timer.s
      At line 102 in file .\timer.s
      At line 105 in file .\timer.s
      At line 112 in file .\timer.s
      At line 116 in file .\timer.s
      At line 124 in file .\timer.s
      At line 132 in file .\timer.s
      At line 140 in file .\timer.s
      At line 144 in file .\timer.s
      At line 152 in file .\timer.s
      At line 156 in file .\timer.s
      At line 164 in file .\timer.s
      At line 168 in file .\timer.s
      At line 176 in file .\timer.s
      At line 180 in file .\timer.s
      At line 189 in file .\timer.s

TIM3_IRQHandler 000001C8

Symbol: TIM3_IRQHandler



ARM Macro Assembler    Page 4 Alphabetic symbol ordering
Relocatable symbols

   Definitions
      At line 221 in file .\timer.s
   Uses
      At line 324 in file .\timer.s
Comment: TIM3_IRQHandler used once
Timerx_Init 000001E0

Symbol: Timerx_Init
   Definitions
      At line 233 in file .\timer.s
   Uses
      At line 325 in file .\timer.s
Comment: Timerx_Init used once
|.text| 00000000

Symbol: |.text|
   Definitions
      At line 7 in file .\timer.s
   Uses
      At line 309 in file .\timer.s
Comment: |.text| used once
18 symbols



ARM Macro Assembler    Page 1 Alphabetic symbol ordering
Relocatable symbols

|.ARM.exidx| 00000000

Symbol: |.ARM.exidx|
   Definitions
      At line 306 in file .\timer.s
   Uses
      None
Comment: |.ARM.exidx| unused
1 symbol



ARM Macro Assembler    Page 1 Alphabetic symbol ordering
Relocatable symbols

|.arm_vfe_header| 00000000

Symbol: |.arm_vfe_header|
   Definitions
      At line 312 in file .\timer.s
   Uses
      None
Comment: |.arm_vfe_header| unused
1 symbol



ARM Macro Assembler    Page 1 Alphabetic symbol ordering
Relocatable symbols

Address_BASE 00000000

Symbol: Address_BASE
   Definitions
      At line 318 in file .\timer.s
   Uses
      At line 302 in file .\timer.s
      At line 326 in file .\timer.s

task 00000004

Symbol: task
   Definitions
      At line 320 in file .\timer.s
   Uses
      At line 304 in file .\timer.s
      At line 327 in file .\timer.s

|.data| 00000000

Symbol: |.data|
   Definitions
      At line 316 in file .\timer.s
   Uses
      None
Comment: |.data| unused
3 symbols



ARM Macro Assembler    Page 1 Alphabetic symbol ordering
External symbols

NVIC_Init 00000000

Symbol: NVIC_Init
   Definitions
      At line 336 in file .\timer.s
   Uses
      At line 292 in file .\timer.s
Comment: NVIC_Init used once
RCC_APB1PeriphClockCmd 00000000

Symbol: RCC_APB1PeriphClockCmd
   Definitions
      At line 333 in file .\timer.s
   Uses
      At line 239 in file .\timer.s
Comment: RCC_APB1PeriphClockCmd used once
TIM_ClearITPendingBit 00000000

Symbol: TIM_ClearITPendingBit
   Definitions
      At line 332 in file .\timer.s
   Uses
      At line 18 in file .\timer.s
      At line 254 in file .\timer.s
      At line 276 in file .\timer.s
      At line 289 in file .\timer.s

TIM_Cmd 00000000

Symbol: TIM_Cmd
   Definitions
      At line 337 in file .\timer.s
   Uses
      At line 295 in file .\timer.s
Comment: TIM_Cmd used once
TIM_GetITStatus 00000000

Symbol: TIM_GetITStatus
   Definitions
      At line 331 in file .\timer.s
   Uses
      At line 13 in file .\timer.s
      At line 250 in file .\timer.s
      At line 280 in file .\timer.s
      At line 285 in file .\timer.s

TIM_ITConfig 00000000

Symbol: TIM_ITConfig
   Definitions
      At line 335 in file .\timer.s
   Uses
      At line 259 in file .\timer.s
Comment: TIM_ITConfig used once
TIM_TimeBaseInit 00000000

Symbol: TIM_TimeBaseInit
   Definitions
      At line 334 in file .\timer.s



ARM Macro Assembler    Page 2 Alphabetic symbol ordering
External symbols

   Uses
      At line 247 in file .\timer.s
Comment: TIM_TimeBaseInit used once
|Lib$$Request$$armlib| 00000000

Symbol: |Lib$$Request$$armlib|
   Definitions
      At line 329 in file .\timer.s
   Uses
      None
Comment: |Lib$$Request$$armlib| unused
|Lib$$Request$$cpplib| 00000000

Symbol: |Lib$$Request$$cpplib|
   Definitions
      At line 330 in file .\timer.s
   Uses
      None
Comment: |Lib$$Request$$cpplib| unused
9 symbols
363 symbols in table
